<?xml version="1.0" encoding="UTF-8"?>
<!-- Generated by org.testng.reporters.JUnitReportReporter -->
<testsuite hostname="TMZ-DPC-2239" failures="0" tests="4" name="parallelexecution.flipkart" time="0.012" errors="0" timestamp="2023-10-25T10:46:40 IST" skipped="2">
  <testcase classname="parallelexecution.flipkart" name="t2" time="0.011"/>
  <testcase classname="parallelexecution.flipkart" name="t" time="0.001"/>
  <testcase classname="parallelexecution.flipkart" name="t1">
    <skipped/>
  </testcase> <!-- t1 -->
  <testcase classname="parallelexecution.flipkart" name="f">
    <skipped/>
  </testcase> <!-- f -->
</testsuite> <!-- parallelexecution.flipkart -->
