<?xml version="1.0" encoding="UTF-8"?>
<!-- Generated by org.testng.reporters.JUnitReportReporter -->
<testsuite hostname="TMZ-DPC-2239" failures="0" tests="5" name="parallelexecution.Ninja" time="28.989" errors="0" timestamp="2023-10-25T16:26:23 IST" skipped="0">
  <testcase classname="parallelexecution.Ninja" name="f" time="2.965"/>
  <testcase classname="parallelexecution.Ninja" name="register" time="17.024"/>
  <testcase classname="parallelexecution.Ninja" name="login" time="1.870"/>
  <testcase classname="parallelexecution.Ninja" name="addingCart" time="6.234"/>
  <testcase classname="parallelexecution.Ninja" name="cart" time="0.896"/>
</testsuite> <!-- parallelexecution.Ninja -->
