<?xml version="1.0" encoding="UTF-8"?>
<!-- Generated by org.testng.reporters.JUnitReportReporter -->
<testsuite hostname="TMZ-DPC-2239" failures="0" tests="4" name="com.swaglab.SwagLabTest" time="371.823" errors="0" timestamp="2023-10-30T17:47:54 IST" skipped="0">
  <testcase classname="com.swaglab.SwagLabTest" name="loginTest" time="37.472"/>
  <testcase classname="com.swaglab.SwagLabTest" name="loginTest" time="30.708"/>
  <testcase classname="com.swaglab.SwagLabTest" name="loginTest" time="26.560"/>
  <testcase classname="com.swaglab.SwagLabTest" name="loginTest" time="277.083"/>
</testsuite> <!-- com.swaglab.SwagLabTest -->
