<?xml version="1.0" encoding="UTF-8"?>
<!-- Generated by org.testng.reporters.JUnitReportReporter -->
<testsuite hostname="TMZ-DPC-2239" failures="0" tests="2" name="parallelexecution.DataPratice" time="113.225" errors="0" timestamp="2023-10-26T17:42:15 IST" skipped="0">
  <testcase classname="parallelexecution.DataPratice" name="Login" time="35.210"/>
  <testcase classname="parallelexecution.DataPratice" name="Login" time="78.015"/>
</testsuite> <!-- parallelexecution.DataPratice -->
