<?xml version="1.0" encoding="UTF-8"?>
<!-- Generated by org.testng.reporters.JUnitReportReporter -->
<testsuite hostname="TMZ-DPC-2239" failures="0" tests="4" name="parallelexecution.flipkart" time="0.011" errors="0" timestamp="2023-10-25T10:41:55 IST" skipped="0">
  <testcase classname="parallelexecution.flipkart" name="t1" time="0.010"/>
  <testcase classname="parallelexecution.flipkart" name="t2" time="0.001"/>
  <testcase classname="parallelexecution.flipkart" name="f" time="0.000"/>
  <testcase classname="parallelexecution.flipkart" name="t" time="0.000"/>
</testsuite> <!-- parallelexecution.flipkart -->
