<?xml version="1.0" encoding="UTF-8"?>
<!-- Generated by org.testng.reporters.JUnitReportReporter -->
<testsuite hostname="TMZ-DPC-2239" failures="0" tests="1" name="parallelexecution.Ajio" time="0.219" errors="0" timestamp="2023-10-25T09:47:28 IST" skipped="0">
  <testcase classname="parallelexecution.Ajio" name="f" time="0.219"/>
</testsuite> <!-- parallelexecution.Ajio -->
